-0.322509
0.02048

-1.25097
0.021504

3.13116
0.028672

-7.72077
0.091264

1.37087
0.566112

-5.32287
6.0943

-20.3635
135.257

-13.582
1172.03

83.0482
12432.7

16.9487
101101

7.03709
0.036864

18.0706
0.036864

9.64252
0.041984

-2.56649
0.063488

1.03142
0.095232

2.63902
0.165696

7.72733
0.296704

2.88149
0.54784

-9.17729
1.0423

-9.40345
2.03776

3.8122
3.96902

-0.217848
7.94515

-2.17645
15.8628

0.251258
31.5034

0.582129
62.892

2.20361
109.896

2.27248
219.489

3.59568
439.076

-3.36913
877.832

-2.33191
1755.18

