0.001201
-0.669421
-10.8091
0.003367
-0.669421
0.505271
0.009127
-0.669421
-39.4944
0.016239
-0.669421
-49.9395
0.034647
-0.669421
-66.9114
0.078328
-0.669421
1.39971
0.167084
-0.669421
-3.90772
0.298816
-0.669421
164.722
0.601563
-0.669421
347.813
1.1597
-0.669421
-118.833
2.39291
-0.669421
-911.37
4.89305
-0.669421
-1447.54
11.8687
-0.669421
-827.248
24.5336
-0.669421
429.491
49.2184
-0.669421
701.407
98.0663
0.0512969
-2244.24
195.955
0.0512969
-6947.62
399.76
0.478076
-10510.4
1028.52
0.638514
-2490.18
8736.75
0.64529
6599.26
17441
-0.301017
-8267.46
0.870993
-0.195729
-14.3433
1024
7929.52
13.7277
872.859
13.7277
18089.5
13.7277
8180.8
13.7277
