-6.64292
0.047104

26.2752
0.027008

-1.41769
0.037888

-42.3569
0.030656

38.8418
0.02976

101.119
0.031712

-39.6266
0.031936

-111.674
0.028032

-97.7206
0.045632

-353.882
0.072064

-900.781
0.138592

-972.799
0.283872

-487.289
0.447296

433.767
1.06259

1686.19
2.19677

-8534
4.3577

3754.34
8.09066

2125.29
16.6193

-5902.83
24.5718

4951.94
48.5851

2517.39
97.6389

32
32
0.010112
32
32
0.036
32
32
0.019168

64
64
0.01024
64
64
0.028032
64
64
0.022528

128
128
0.01536
128
128
0.024416
128
128
0.037536

256
256
0.072416
256
256
0.066336
256
256
0.253696

512
512
0.43008
512
512
0.410496
512
512
1.65376

1024
1024
3.35037
1024
1024
3.22867
1024
1024
13.1031

2048
2048
26.238
2048
2048
25.3235
2048
2048
103.005

4096
4096
208.869
4096
4096
201.286
4096
4096
820.51

8192
8192
1675.11
8192
8192
1613.37
8192
8192
6582.9

0
0
13532.3
0
0
12961.2
0
0
0

