1!=1
2!=2
3!=6
4!=24
5!=120
6!=720
7!=5040
8!=40320
0 9 18 27 36 45 54 63 1 10 19 28 37 46 55 64 
0.024288
-0.314177
3.44794

0.025152
-0.314177
1.02843

0.02432
3.54015
-3.06445

0.024544
3.54015
-4.53781

0.025248
3.54015
2.76234

0.021248
3.54015
2.77956

0.01728
-1.82814
-4.09787

0.027168
-1.82814
-6.33261

0.042944
-1.82814
1.37018

0.07088
-1.82814
-1.25321

0.133728
-2.1736
-5.74778

0.254656
-2.1736
-0.108426

0.499776
-2.1736
-2.26935

0.988032
6.42682
-0.330253

1.96077
6.42682
3.6587

3.90813
0.692311
0.561497

7.81517
0.332924
-2.05519

15.6185
-5.14044
-0.111113

28.4028
-0.426532
0.13841

63.7697
-5.22625
-4.34673

