1!=1
2!=2
3!=6
4!=24
5!=120
6!=720
7!=5040
8!=40320
0 3 6 9 12 15 18 21 1 4 7 10 13 16 19 22 
0.024064
0.678881
6.09186

0.023552
0.678881
2.49534

0.023584
0.678881
3.66141

0.038656
-3.96638
6.14537

0.023936
-3.96638
-1.45788

0.01744
-3.96638
-4.6661

0.030304
-3.96638
-2.74763

0.011232
4.43882
0.317714

0.0112
4.43882
2.72486

0.01184
4.43882
-4.74901

0.037536
4.43882
4.1678

0.055136
-2.64341
-0.279754

0.102848
-2.64341
-2.1447

0.190784
-2.64341
-3.77206

0.372288
-1.61868
-2.17744

0.747104
0.836904
1.91503

1.46547
-0.885714
-2.70707

2.93603
3.39602
-1.18894

6.02637
0.939468
0.754727

12.3722
-0.725529
3.8754

