-22.12
4.85357
226.182

2.70333
1.45791
184.221

-11.115
-8.42021
18.2383

-11.115
-8.42021
14.5757

-1000
999
1547.2

-1000
999
732.182

-1000
999
179.758

-1000
1000
223.685

-1000
1000
263.132

-1000
1000
284.552

-1000
999
371.041

-1000
999
381.606

-1000
999
370.327

-1000
999
415.804

-1000
999
444.814

-1000
1000
511.126

-1000
1000
489.132

-1000
1000
503.421

-1000
1000
579.159

-1000
999
533.085

-1000
999
533.191

-1000
1000
528.247

-1000
999
579.104

-1000
999
594.351

-1000
1000
612.306

-1000
1000
617.339

