9.44727
0.042944

18.9426
0.054464

13.9649
0.042528

-12.5927
0.064384

-12.4907
0.056864

211.82
0.055616

370.435
0.058816

483.05
0.07056

-68.0173
0.058432

-257.598
0.255232

-514.233
0.281696

345.012
0.311136

2927.26
0.433216

3625.57
0.56928

2351.42
0.743264

3139.64
1.00944

681.514
1.59053

3211.29
2.87626

8301.29
5.64499

-9570.43
11.3825

-3362.75
23.3516

15.9092
0.024096

-21.5577
0.02544

-23.9141
0.0256

-19.5197
0.027648

18.1447
0.027648

83.065
0.028224

-54.796
0.02848

-173.984
0.028576

-244.796
0.028096

-957.614
0.034336

-1062.42
0.046048

-1125.6
0.064256

-1091.89
0.0968

-780.664
0.165216

-1491.9
0.301216

3296.67
0.572832

1383.85
1.10342

-5458.33
2.17562

8751.24
4.31597

-5826.98
8.67939

-28749.3
17.2981

459
1
0.116736

482
1
0.11808

492
1
0.124928

497
1
0.119904

497
1
0.109568

500
3
0.110848

500
7
0.150528

500
10
0.134944

500
18
0.168032

500
28
0.172608

500
74
0.171232

500
151
0.174368

500
295
0.63008

500
553
0.66112

500
1084
1.0209

500
2174
1.28074

500
4099
1.8241

500
8263
2.84928

500
16643
5.03379

500
33265
9.09949

Number of threads:  4 
I'm thread No.  2
I'm thread No.  3
I'm thread No.  1
I'm thread No.  0
5!=120
1!=1
7!=5040
2!=2
8!=40320
6!=720
3!=6
4!=24
